------------------------------------------------------------------------------------------------------------------------

[2024-03-02 13:24:31 #1 store] 
Database 'C:\Users\aritz\eclipse-workspace\Rides24\src\main\resources\rides.temp' is opened by 39780@DESKTOP-Q4B681S

[2024-03-02 13:24:31 #2 type.registry] 
New type domain.Driver

[2024-03-02 13:24:31 #3 type] 
Type domain.Driver is not enhanced.

[2024-03-02 13:24:31 #4 type.registry] 
New type domain.Ride

[2024-03-02 13:24:31 #5 type] 
Type domain.Ride is not enhanced.

[2024-03-02 13:24:31 #6 type.registry] 
New type java.util.Vector<java.lang.Object>

[2024-03-02 13:24:31 #7 type.registry] 
New type java.util.Vector<domain.Ride>

------------------------------------------------------------------------------------------------------------------------

[2024-03-02 14:41:27 #1 store] 
Database 'C:\Users\aritz\eclipse-workspace\Rides24\src\main\resources\rides.temp' is opened by 20792@DESKTOP-Q4B681S

[2024-03-02 14:41:27 #2 type.registry] 
New type domain.Driver

[2024-03-02 14:41:27 #3 type] 
Type domain.Driver is not enhanced.

[2024-03-02 14:41:27 #4 type.registry] 
New type domain.Ride

[2024-03-02 14:41:27 #5 type] 
Type domain.Ride is not enhanced.

[2024-03-02 14:41:27 #6 type.registry] 
New type java.util.Vector<java.lang.Object>

[2024-03-02 14:41:27 #7 type.registry] 
New type java.util.Vector<domain.Ride>

------------------------------------------------------------------------------------------------------------------------

[2024-03-02 14:42:27 #1 store] 
Database 'C:\Users\aritz\eclipse-workspace\Rides24\src\main\resources\rides.temp' is opened by 40732@DESKTOP-Q4B681S

[2024-03-02 14:42:28 #2 type.registry] 
New type domain.Driver

[2024-03-02 14:42:28 #3 type] 
Type domain.Driver is not enhanced.

[2024-03-02 14:42:28 #4 type.registry] 
New type domain.Ride

[2024-03-02 14:42:28 #5 type] 
Type domain.Ride is not enhanced.

[2024-03-02 14:42:28 #6 type.registry] 
New type java.util.Vector<java.lang.Object>

[2024-03-02 14:42:28 #7 type.registry] 
New type java.util.Vector<domain.Ride>

------------------------------------------------------------------------------------------------------------------------

[2024-03-02 14:42:54 #1 store] 
Database 'C:\Users\aritz\eclipse-workspace\Rides24\src\main\resources\rides.temp' is opened by 36020@DESKTOP-Q4B681S

[2024-03-02 14:42:54 #2 type.registry] 
New type domain.Driver

[2024-03-02 14:42:54 #3 type] 
Type domain.Driver is not enhanced.

[2024-03-02 14:42:54 #4 type.registry] 
New type domain.Ride

[2024-03-02 14:42:54 #5 type] 
Type domain.Ride is not enhanced.

[2024-03-02 14:42:54 #6 type.registry] 
New type java.util.Vector<java.lang.Object>

[2024-03-02 14:42:54 #7 type.registry] 
New type java.util.Vector<domain.Ride>

------------------------------------------------------------------------------------------------------------------------

[2024-03-02 14:43:14 #1 store] 
Database 'C:\Users\aritz\eclipse-workspace\Rides24\src\main\resources\rides.temp' is opened by 6152@DESKTOP-Q4B681S

[2024-03-02 14:43:14 #2 type.registry] 
New type domain.Driver

[2024-03-02 14:43:14 #3 type] 
Type domain.Driver is not enhanced.

[2024-03-02 14:43:14 #4 type.registry] 
New type domain.Ride

[2024-03-02 14:43:14 #5 type] 
Type domain.Ride is not enhanced.

[2024-03-02 14:43:14 #6 type.registry] 
New type java.util.Vector<java.lang.Object>

[2024-03-02 14:43:14 #7 type.registry] 
New type java.util.Vector<domain.Ride>

------------------------------------------------------------------------------------------------------------------------

[2024-03-02 14:43:48 #1 store] 
Database 'C:\Users\aritz\eclipse-workspace\Rides24\src\main\resources\rides.temp' is opened by 6820@DESKTOP-Q4B681S

[2024-03-02 14:43:48 #2 type.registry] 
New type domain.Driver

[2024-03-02 14:43:48 #3 type] 
Type domain.Driver is not enhanced.

[2024-03-02 14:43:48 #4 type.registry] 
New type domain.Ride

[2024-03-02 14:43:48 #5 type] 
Type domain.Ride is not enhanced.

[2024-03-02 14:43:48 #6 type.registry] 
New type java.util.Vector<java.lang.Object>

[2024-03-02 14:43:48 #7 type.registry] 
New type java.util.Vector<domain.Ride>

------------------------------------------------------------------------------------------------------------------------

[2024-03-02 14:44:33 #1 store] 
Database 'C:\Users\aritz\eclipse-workspace\Rides24\src\main\resources\rides.temp' is opened by 18772@DESKTOP-Q4B681S

[2024-03-02 14:44:33 #2 type.registry] 
New type domain.Driver

[2024-03-02 14:44:33 #3 type] 
Type domain.Driver is not enhanced.

[2024-03-02 14:44:33 #4 type.registry] 
New type domain.Ride

[2024-03-02 14:44:33 #5 type] 
Type domain.Ride is not enhanced.

[2024-03-02 14:44:33 #6 type.registry] 
New type java.util.Vector<java.lang.Object>

[2024-03-02 14:44:33 #7 type.registry] 
New type java.util.Vector<domain.Ride>

------------------------------------------------------------------------------------------------------------------------

[2024-03-02 14:45:11 #1 store] 
Database 'C:\Users\aritz\eclipse-workspace\Rides24\src\main\resources\rides.temp' is opened by 7332@DESKTOP-Q4B681S

[2024-03-02 14:45:11 #2 type.registry] 
New type domain.Driver

[2024-03-02 14:45:11 #3 type] 
Type domain.Driver is not enhanced.

[2024-03-02 14:45:11 #4 type.registry] 
New type domain.Ride

[2024-03-02 14:45:11 #5 type] 
Type domain.Ride is not enhanced.

[2024-03-02 14:45:11 #6 type.registry] 
New type java.util.Vector<java.lang.Object>

[2024-03-02 14:45:11 #7 type.registry] 
New type java.util.Vector<domain.Ride>

------------------------------------------------------------------------------------------------------------------------

[2024-03-02 14:46:18 #1 store] 
Database 'C:\Users\aritz\eclipse-workspace\Rides24\src\main\resources\rides.temp' is opened by 33960@DESKTOP-Q4B681S

[2024-03-02 14:46:19 #2 type.registry] 
New type domain.Driver

[2024-03-02 14:46:19 #3 type] 
Type domain.Driver is not enhanced.

[2024-03-02 14:46:19 #4 type.registry] 
New type domain.Ride

[2024-03-02 14:46:19 #5 type] 
Type domain.Ride is not enhanced.

[2024-03-02 14:46:19 #6 type.registry] 
New type java.util.Vector<java.lang.Object>

[2024-03-02 14:46:19 #7 type.registry] 
New type java.util.Vector<domain.Ride>

------------------------------------------------------------------------------------------------------------------------

[2024-03-02 14:47:25 #1 store] 
Database 'C:\Users\aritz\eclipse-workspace\Rides24\src\main\resources\rides.temp' is opened by 29712@DESKTOP-Q4B681S

[2024-03-02 14:47:25 #2 type.registry] 
New type domain.Driver

[2024-03-02 14:47:25 #3 type] 
Type domain.Driver is not enhanced.

[2024-03-02 14:47:25 #4 type.registry] 
New type domain.Ride

[2024-03-02 14:47:25 #5 type] 
Type domain.Ride is not enhanced.

[2024-03-02 14:47:25 #6 type.registry] 
New type java.util.Vector<java.lang.Object>

[2024-03-02 14:47:25 #7 type.registry] 
New type java.util.Vector<domain.Ride>

------------------------------------------------------------------------------------------------------------------------

[2024-03-02 14:47:57 #1 store] 
Database 'C:\Users\aritz\eclipse-workspace\Rides24\src\main\resources\rides.temp' is opened by 38908@DESKTOP-Q4B681S

[2024-03-02 14:47:58 #2 type.registry] 
New type domain.Driver

[2024-03-02 14:47:58 #3 type] 
Type domain.Driver is not enhanced.

[2024-03-02 14:47:58 #4 type.registry] 
New type domain.Ride

[2024-03-02 14:47:58 #5 type] 
Type domain.Ride is not enhanced.

[2024-03-02 14:47:58 #6 type.registry] 
New type java.util.Vector<java.lang.Object>

[2024-03-02 14:47:58 #7 type.registry] 
New type java.util.Vector<domain.Ride>

------------------------------------------------------------------------------------------------------------------------

[2024-03-02 14:49:03 #1 store] 
Database 'C:\Users\aritz\eclipse-workspace\Rides24\src\main\resources\rides.temp' is opened by 38684@DESKTOP-Q4B681S

[2024-03-02 14:49:03 #2 type.registry] 
New type domain.Driver

[2024-03-02 14:49:03 #3 type] 
Type domain.Driver is not enhanced.

[2024-03-02 14:49:03 #4 type.registry] 
New type domain.Ride

[2024-03-02 14:49:03 #5 type] 
Type domain.Ride is not enhanced.

[2024-03-02 14:49:03 #6 type.registry] 
New type java.util.Vector<java.lang.Object>

[2024-03-02 14:49:03 #7 type.registry] 
New type java.util.Vector<domain.Ride>

------------------------------------------------------------------------------------------------------------------------

[2024-03-02 16:52:05 #1 store] 
Database 'C:\Users\aritz\eclipse-workspace\Rides24\src\main\resources\rides.temp' is opened by 4336@DESKTOP-Q4B681S

[2024-03-02 16:52:05 #2 type.registry] 
New type domain.Driver

[2024-03-02 16:52:05 #3 type] 
Type domain.Driver is not enhanced.

[2024-03-02 16:52:05 #4 type.registry] 
New type domain.Ride

[2024-03-02 16:52:05 #5 type] 
Type domain.Ride is not enhanced.

[2024-03-02 16:52:05 #6 type.registry] 
New type java.util.Vector<java.lang.Object>

[2024-03-02 16:52:05 #7 type.registry] 
New type java.util.Vector<domain.Ride>

------------------------------------------------------------------------------------------------------------------------

[2024-03-02 16:58:11 #1 store] 
Database 'C:\Users\aritz\eclipse-workspace\Rides24\src\main\resources\rides.temp' is opened by 40408@DESKTOP-Q4B681S

[2024-03-02 16:58:11 #2 type.registry] 
New type domain.Driver

[2024-03-02 16:58:11 #3 type] 
Type domain.Driver is not enhanced.

[2024-03-02 16:58:11 #4 type.registry] 
New type domain.Ride

[2024-03-02 16:58:11 #5 type] 
Type domain.Ride is not enhanced.

[2024-03-02 16:58:11 #6 type.registry] 
New type java.util.Vector<java.lang.Object>

[2024-03-02 16:58:11 #7 type.registry] 
New type java.util.Vector<domain.Ride>

------------------------------------------------------------------------------------------------------------------------

[2024-03-02 16:58:22 #1 store] 
Database 'C:\Users\aritz\eclipse-workspace\Rides24\src\main\resources\rides.temp' is opened by 40636@DESKTOP-Q4B681S

[2024-03-02 16:58:22 #2 type.registry] 
New type domain.Driver

[2024-03-02 16:58:22 #3 type] 
Type domain.Driver is not enhanced.

[2024-03-02 16:58:22 #4 type.registry] 
New type domain.Ride

[2024-03-02 16:58:22 #5 type] 
Type domain.Ride is not enhanced.

[2024-03-02 16:58:22 #6 type.registry] 
New type java.util.Vector<java.lang.Object>

[2024-03-02 16:58:22 #7 type.registry] 
New type java.util.Vector<domain.Ride>

------------------------------------------------------------------------------------------------------------------------

[2024-03-02 16:59:33 #1 store] 
Database 'C:\Users\aritz\eclipse-workspace\Rides24\src\main\resources\rides.temp' is opened by 35976@DESKTOP-Q4B681S

[2024-03-02 16:59:34 #2 type.registry] 
New type domain.Driver

[2024-03-02 16:59:34 #3 type] 
Type domain.Driver is not enhanced.

[2024-03-02 16:59:34 #4 type.registry] 
New type domain.Ride

[2024-03-02 16:59:34 #5 type] 
Type domain.Ride is not enhanced.

[2024-03-02 16:59:34 #6 type.registry] 
New type java.util.Vector<java.lang.Object>

[2024-03-02 16:59:34 #7 type.registry] 
New type java.util.Vector<domain.Ride>

------------------------------------------------------------------------------------------------------------------------

[2024-03-02 16:59:40 #1 store] 
Database 'C:\Users\aritz\eclipse-workspace\Rides24\src\main\resources\rides.temp' is opened by 30844@DESKTOP-Q4B681S

[2024-03-02 16:59:40 #2 type.registry] 
New type domain.Driver

[2024-03-02 16:59:40 #3 type] 
Type domain.Driver is not enhanced.

[2024-03-02 16:59:40 #4 type.registry] 
New type domain.Ride

[2024-03-02 16:59:40 #5 type] 
Type domain.Ride is not enhanced.

[2024-03-02 16:59:40 #6 type.registry] 
New type java.util.Vector<java.lang.Object>

[2024-03-02 16:59:40 #7 type.registry] 
New type java.util.Vector<domain.Ride>

------------------------------------------------------------------------------------------------------------------------

[2024-03-02 17:01:10 #1 store] 
Database 'C:\Users\aritz\eclipse-workspace\Rides24\src\main\resources\rides.temp' is opened by 27868@DESKTOP-Q4B681S

[2024-03-02 17:01:10 #2 type.registry] 
New type domain.Driver

[2024-03-02 17:01:10 #3 type] 
Type domain.Driver is not enhanced.

[2024-03-02 17:01:10 #4 type.registry] 
New type domain.Ride

[2024-03-02 17:01:10 #5 type] 
Type domain.Ride is not enhanced.

[2024-03-02 17:01:10 #6 type.registry] 
New type java.util.Vector<java.lang.Object>

[2024-03-02 17:01:10 #7 type.registry] 
New type java.util.Vector<domain.Ride>

------------------------------------------------------------------------------------------------------------------------

[2024-03-02 17:04:16 #1 store] 
Database 'C:\Users\aritz\eclipse-workspace\Rides24\src\main\resources\rides.temp' is opened by 38648@DESKTOP-Q4B681S

[2024-03-02 17:04:17 #2 type.registry] 
New type domain.Driver

[2024-03-02 17:04:17 #3 type] 
Type domain.Driver is not enhanced.

[2024-03-02 17:04:17 #4 type.registry] 
New type domain.Ride

[2024-03-02 17:04:17 #5 type] 
Type domain.Ride is not enhanced.

[2024-03-02 17:04:17 #6 type.registry] 
New type java.util.Vector<java.lang.Object>

[2024-03-02 17:04:17 #7 type.registry] 
New type java.util.Vector<domain.Ride>

------------------------------------------------------------------------------------------------------------------------

[2024-03-02 17:04:50 #1 store] 
Database 'C:\Users\aritz\eclipse-workspace\Rides24\src\main\resources\rides.temp' is opened by 40224@DESKTOP-Q4B681S

[2024-03-02 17:04:50 #2 type.registry] 
New type domain.Driver

[2024-03-02 17:04:50 #3 type] 
Type domain.Driver is not enhanced.

[2024-03-02 17:04:50 #4 type.registry] 
New type domain.Ride

[2024-03-02 17:04:50 #5 type] 
Type domain.Ride is not enhanced.

[2024-03-02 17:04:50 #6 type.registry] 
New type java.util.Vector<java.lang.Object>

[2024-03-02 17:04:50 #7 type.registry] 
New type java.util.Vector<domain.Ride>

------------------------------------------------------------------------------------------------------------------------

[2024-03-02 17:05:22 #1 store] 
Database 'C:\Users\aritz\eclipse-workspace\Rides24\src\main\resources\rides.temp' is opened by 14436@DESKTOP-Q4B681S

[2024-03-02 17:05:23 #2 type.registry] 
New type domain.Driver

[2024-03-02 17:05:23 #3 type] 
Type domain.Driver is not enhanced.

[2024-03-02 17:05:23 #4 type.registry] 
New type domain.Ride

[2024-03-02 17:05:23 #5 type] 
Type domain.Ride is not enhanced.

[2024-03-02 17:05:23 #6 type.registry] 
New type java.util.Vector<java.lang.Object>

[2024-03-02 17:05:23 #7 type.registry] 
New type java.util.Vector<domain.Ride>

------------------------------------------------------------------------------------------------------------------------

[2024-03-02 17:06:15 #1 store] 
Database 'C:\Users\aritz\eclipse-workspace\Rides24\src\main\resources\rides.temp' is opened by 23232@DESKTOP-Q4B681S

[2024-03-02 17:06:15 #2 type.registry] 
New type domain.Driver

[2024-03-02 17:06:15 #3 type] 
Type domain.Driver is not enhanced.

[2024-03-02 17:06:15 #4 type.registry] 
New type domain.Ride

[2024-03-02 17:06:15 #5 type] 
Type domain.Ride is not enhanced.

[2024-03-02 17:06:15 #6 type.registry] 
New type java.util.Vector<java.lang.Object>

[2024-03-02 17:06:15 #7 type.registry] 
New type java.util.Vector<domain.Ride>

------------------------------------------------------------------------------------------------------------------------

[2024-03-02 17:12:48 #1 store] 
Database 'C:\Users\aritz\eclipse-workspace\Rides24\src\main\resources\rides.temp' is opened by 40744@DESKTOP-Q4B681S

[2024-03-02 17:12:48 #2 type.registry] 
New type domain.Driver

[2024-03-02 17:12:48 #3 type] 
Type domain.Driver is not enhanced.

[2024-03-02 17:12:48 #4 type.registry] 
New type domain.Ride

[2024-03-02 17:12:48 #5 type] 
Type domain.Ride is not enhanced.

[2024-03-02 17:12:48 #6 type.registry] 
New type java.util.Vector<java.lang.Object>

[2024-03-02 17:12:48 #7 type.registry] 
New type java.util.Vector<domain.Ride>

------------------------------------------------------------------------------------------------------------------------

[2024-03-02 18:13:12 #1 store] 
Database 'C:\Users\aritz\eclipse-workspace\Rides24\src\main\resources\rides.temp' is opened by 38196@DESKTOP-Q4B681S

[2024-03-02 18:13:13 #2 type.registry] 
New type domain.User

[2024-03-02 18:13:13 #3 type.registry] 
New type domain.Driver

[2024-03-02 18:13:13 #4 type] 
Type domain.User is not enhanced.

[2024-03-02 18:13:13 #5 type] 
Type domain.Driver is not enhanced.

[2024-03-02 18:13:13 #6 type.registry] 
New type domain.Ride

[2024-03-02 18:13:13 #7 type] 
Type domain.Ride is not enhanced.

[2024-03-02 18:13:13 #8 type.registry] 
New type java.util.Vector<java.lang.Object>

[2024-03-02 18:13:13 #9 type.registry] 
New type java.util.Vector<domain.Ride>

------------------------------------------------------------------------------------------------------------------------

[2024-03-02 18:13:55 #1 store] 
Database 'C:\Users\aritz\eclipse-workspace\Rides24\src\main\resources\rides.temp' is opened by 40444@DESKTOP-Q4B681S

[2024-03-02 18:13:55 #2 type.registry] 
New type domain.User

[2024-03-02 18:13:55 #3 type.registry] 
New type domain.Driver

[2024-03-02 18:13:55 #4 type] 
Type domain.User is not enhanced.

[2024-03-02 18:13:55 #5 type] 
Type domain.Driver is not enhanced.

[2024-03-02 18:13:55 #6 type.registry] 
New type domain.Ride

[2024-03-02 18:13:55 #7 type] 
Type domain.Ride is not enhanced.

[2024-03-02 18:13:55 #8 type.registry] 
New type java.util.Vector<java.lang.Object>

[2024-03-02 18:13:55 #9 type.registry] 
New type java.util.Vector<domain.Ride>

------------------------------------------------------------------------------------------------------------------------

[2024-03-02 18:53:07 #1 store] 
Database 'C:\Users\aritz\eclipse-workspace\Rides24\src\main\resources\rides.temp' is opened by 32544@DESKTOP-Q4B681S

[2024-03-02 18:53:07 #2 type.registry] 
New type domain.User

[2024-03-02 18:53:07 #3 type.registry] 
New type domain.Driver

[2024-03-02 18:53:07 #4 type] 
Type domain.User is not enhanced.

[2024-03-02 18:53:07 #5 type] 
Type domain.Driver is not enhanced.

[2024-03-02 18:53:07 #6 type.registry] 
New type domain.Ride

[2024-03-02 18:53:07 #7 type] 
Type domain.Ride is not enhanced.

[2024-03-02 18:53:07 #8 type.registry] 
New type java.util.Vector<java.lang.Object>

[2024-03-02 18:53:07 #9 type.registry] 
New type java.util.Vector<domain.Ride>

------------------------------------------------------------------------------------------------------------------------

[2024-03-02 19:57:50 #1 store] 
Database 'C:\Users\aritz\eclipse-workspace\Rides24\src\main\resources\rides.temp' is opened by 21912@DESKTOP-Q4B681S

[2024-03-02 19:57:50 #2 type.registry] 
New type domain.User

[2024-03-02 19:57:50 #3 type.registry] 
New type domain.Driver

[2024-03-02 19:57:50 #4 type] 
Type domain.User is not enhanced.

[2024-03-02 19:57:50 #5 type] 
Type domain.Driver is not enhanced.

[2024-03-02 19:57:50 #6 type.registry] 
New type domain.Ride

[2024-03-02 19:57:50 #7 type] 
Type domain.Ride is not enhanced.

[2024-03-02 19:57:50 #8 type.registry] 
New type java.util.Vector<java.lang.Object>

[2024-03-02 19:57:50 #9 type.registry] 
New type java.util.Vector<domain.Ride>

------------------------------------------------------------------------------------------------------------------------

[2024-03-02 19:59:26 #1 store] 
Database 'C:\Users\aritz\eclipse-workspace\Rides24\src\main\resources\rides.temp' is opened by 38932@DESKTOP-Q4B681S

[2024-03-02 19:59:26 #2 type.registry] 
New type domain.User

[2024-03-02 19:59:26 #3 type.registry] 
New type domain.Driver

[2024-03-02 19:59:26 #4 type] 
Type domain.User is not enhanced.

[2024-03-02 19:59:26 #5 type] 
Type domain.Driver is not enhanced.

[2024-03-02 19:59:26 #6 type.registry] 
New type domain.Ride

[2024-03-02 19:59:26 #7 type] 
Type domain.Ride is not enhanced.

[2024-03-02 19:59:26 #8 type.registry] 
New type java.util.Vector<java.lang.Object>

[2024-03-02 19:59:26 #9 type.registry] 
New type java.util.Vector<domain.Ride>

------------------------------------------------------------------------------------------------------------------------

[2024-03-02 20:01:35 #1 store] 
Database 'C:\Users\aritz\eclipse-workspace\Rides24\src\main\resources\rides.temp' is opened by 36016@DESKTOP-Q4B681S

[2024-03-02 20:01:35 #2 type.registry] 
New type domain.User

[2024-03-02 20:01:35 #3 type.registry] 
New type domain.Driver

[2024-03-02 20:01:35 #4 type] 
Type domain.User is not enhanced.

[2024-03-02 20:01:35 #5 type] 
Type domain.Driver is not enhanced.

[2024-03-02 20:01:35 #6 type.registry] 
New type domain.Ride

[2024-03-02 20:01:35 #7 type] 
Type domain.Ride is not enhanced.

[2024-03-02 20:01:35 #8 type.registry] 
New type java.util.Vector<java.lang.Object>

[2024-03-02 20:01:35 #9 type.registry] 
New type java.util.Vector<domain.Ride>

------------------------------------------------------------------------------------------------------------------------

[2024-03-02 20:04:14 #1 store] 
Database 'C:\Users\aritz\eclipse-workspace\Rides24\src\main\resources\rides.temp' is opened by 40128@DESKTOP-Q4B681S

[2024-03-02 20:04:14 #2 type.registry] 
New type domain.User

[2024-03-02 20:04:14 #3 type.registry] 
New type domain.Driver

[2024-03-02 20:04:14 #4 type] 
Type domain.User is not enhanced.

[2024-03-02 20:04:14 #5 type] 
Type domain.Driver is not enhanced.

[2024-03-02 20:04:14 #6 type.registry] 
New type domain.Ride

[2024-03-02 20:04:14 #7 type] 
Type domain.Ride is not enhanced.

[2024-03-02 20:04:14 #8 type.registry] 
New type java.util.Vector<java.lang.Object>

[2024-03-02 20:04:14 #9 type.registry] 
New type java.util.Vector<domain.Ride>

------------------------------------------------------------------------------------------------------------------------

[2024-03-02 20:06:55 #1 store] 
Database 'C:\Users\aritz\eclipse-workspace\Rides24\src\main\resources\rides.temp' is opened by 40908@DESKTOP-Q4B681S

[2024-03-02 20:06:55 #2 type.registry] 
New type domain.User

[2024-03-02 20:06:55 #3 type.registry] 
New type domain.Driver

[2024-03-02 20:06:55 #4 type] 
Type domain.User is not enhanced.

[2024-03-02 20:06:55 #5 type] 
Type domain.Driver is not enhanced.

[2024-03-02 20:06:55 #6 type.registry] 
New type domain.Ride

[2024-03-02 20:06:55 #7 type] 
Type domain.Ride is not enhanced.

[2024-03-02 20:06:55 #8 type.registry] 
New type java.util.Vector<java.lang.Object>

[2024-03-02 20:06:55 #9 type.registry] 
New type java.util.Vector<domain.Ride>

------------------------------------------------------------------------------------------------------------------------

[2024-03-02 20:16:37 #1 store] 
Database 'C:\Users\aritz\eclipse-workspace\Rides24\src\main\resources\rides.temp' is opened by 34508@DESKTOP-Q4B681S

[2024-03-02 20:16:37 #2 type.registry] 
New type domain.User

[2024-03-02 20:16:37 #3 type.registry] 
New type domain.Driver

[2024-03-02 20:16:37 #4 type] 
Type domain.User is not enhanced.

[2024-03-02 20:16:37 #5 type] 
Type domain.Driver is not enhanced.

[2024-03-02 20:16:37 #6 type.registry] 
New type domain.Ride

[2024-03-02 20:16:37 #7 type] 
Type domain.Ride is not enhanced.

[2024-03-02 20:16:37 #8 type.registry] 
New type java.util.Vector<java.lang.Object>

[2024-03-02 20:16:37 #9 type.registry] 
New type java.util.Vector<domain.Ride>

------------------------------------------------------------------------------------------------------------------------

[2024-03-02 20:20:17 #1 store] 
Database 'C:\Users\aritz\eclipse-workspace\Rides24\src\main\resources\rides.temp' is opened by 38100@DESKTOP-Q4B681S

[2024-03-02 20:20:18 #2 type.registry] 
New type domain.User

[2024-03-02 20:20:18 #3 type.registry] 
New type domain.Driver

[2024-03-02 20:20:18 #4 type] 
Type domain.User is not enhanced.

[2024-03-02 20:20:18 #5 type] 
Type domain.Driver is not enhanced.

[2024-03-02 20:20:18 #6 type.registry] 
New type domain.Ride

[2024-03-02 20:20:18 #7 type] 
Type domain.Ride is not enhanced.

[2024-03-02 20:20:18 #8 type.registry] 
New type java.util.Vector<java.lang.Object>

[2024-03-02 20:20:18 #9 type.registry] 
New type java.util.Vector<domain.Ride>

------------------------------------------------------------------------------------------------------------------------

[2024-03-02 20:21:44 #1 store] 
Database 'C:\Users\aritz\eclipse-workspace\Rides24\src\main\resources\rides.temp' is opened by 40440@DESKTOP-Q4B681S

[2024-03-02 20:21:44 #2 type.registry] 
New type domain.User

[2024-03-02 20:21:44 #3 type.registry] 
New type domain.Driver

[2024-03-02 20:21:44 #4 type] 
Type domain.User is not enhanced.

[2024-03-02 20:21:44 #5 type] 
Type domain.Driver is not enhanced.

[2024-03-02 20:21:44 #6 type.registry] 
New type domain.Ride

[2024-03-02 20:21:44 #7 type] 
Type domain.Ride is not enhanced.

[2024-03-02 20:21:44 #8 type.registry] 
New type java.util.Vector<java.lang.Object>

[2024-03-02 20:21:44 #9 type.registry] 
New type java.util.Vector<domain.Ride>

------------------------------------------------------------------------------------------------------------------------

[2024-03-02 20:23:00 #1 store] 
Database 'C:\Users\aritz\eclipse-workspace\Rides24\src\main\resources\rides.temp' is opened by 37140@DESKTOP-Q4B681S

[2024-03-02 20:23:00 #2 type.registry] 
New type domain.User

[2024-03-02 20:23:00 #3 type.registry] 
New type domain.Driver

[2024-03-02 20:23:00 #4 type] 
Type domain.User is not enhanced.

[2024-03-02 20:23:00 #5 type] 
Type domain.Driver is not enhanced.

[2024-03-02 20:23:00 #6 type.registry] 
New type domain.Ride

[2024-03-02 20:23:00 #7 type] 
Type domain.Ride is not enhanced.

[2024-03-02 20:23:00 #8 type.registry] 
New type java.util.Vector<java.lang.Object>

[2024-03-02 20:23:00 #9 type.registry] 
New type java.util.Vector<domain.Ride>

------------------------------------------------------------------------------------------------------------------------

[2024-03-02 20:26:23 #1 store] 
Database 'C:\Users\aritz\eclipse-workspace\Rides24\src\main\resources\rides.temp' is opened by 33944@DESKTOP-Q4B681S

[2024-03-02 20:26:23 #2 type.registry] 
New type domain.User

[2024-03-02 20:26:23 #3 type.registry] 
New type domain.Driver

[2024-03-02 20:26:23 #4 type] 
Type domain.User is not enhanced.

[2024-03-02 20:26:23 #5 type] 
Type domain.Driver is not enhanced.

[2024-03-02 20:26:23 #6 type.registry] 
New type domain.Ride

[2024-03-02 20:26:23 #7 type] 
Type domain.Ride is not enhanced.

[2024-03-02 20:26:23 #8 type.registry] 
New type java.util.Vector<java.lang.Object>

[2024-03-02 20:26:23 #9 type.registry] 
New type java.util.Vector<domain.Ride>

------------------------------------------------------------------------------------------------------------------------

[2024-03-02 20:27:09 #1 store] 
Database 'C:\Users\aritz\eclipse-workspace\Rides24\src\main\resources\rides.temp' is opened by 5920@DESKTOP-Q4B681S

[2024-03-02 20:27:10 #2 type.registry] 
New type domain.User

[2024-03-02 20:27:10 #3 type.registry] 
New type domain.Driver

[2024-03-02 20:27:10 #4 type] 
Type domain.User is not enhanced.

[2024-03-02 20:27:10 #5 type] 
Type domain.Driver is not enhanced.

[2024-03-02 20:27:10 #6 type.registry] 
New type domain.Ride

[2024-03-02 20:27:10 #7 type] 
Type domain.Ride is not enhanced.

[2024-03-02 20:27:10 #8 type.registry] 
New type java.util.Vector<java.lang.Object>

[2024-03-02 20:27:10 #9 type.registry] 
New type java.util.Vector<domain.Ride>

------------------------------------------------------------------------------------------------------------------------

[2024-03-02 20:28:15 #1 store] 
Database 'C:\Users\aritz\eclipse-workspace\Rides24\src\main\resources\rides.temp' is opened by 30296@DESKTOP-Q4B681S

[2024-03-02 20:28:15 #2 type.registry] 
New type domain.User

[2024-03-02 20:28:15 #3 type.registry] 
New type domain.Driver

[2024-03-02 20:28:15 #4 type] 
Type domain.User is not enhanced.

[2024-03-02 20:28:15 #5 type] 
Type domain.Driver is not enhanced.

[2024-03-02 20:28:15 #6 type.registry] 
New type domain.Ride

[2024-03-02 20:28:15 #7 type] 
Type domain.Ride is not enhanced.

[2024-03-02 20:28:15 #8 type.registry] 
New type java.util.Vector<java.lang.Object>

[2024-03-02 20:28:15 #9 type.registry] 
New type java.util.Vector<domain.Ride>

------------------------------------------------------------------------------------------------------------------------

[2024-03-02 20:31:12 #1 store] 
Database 'C:\Users\aritz\eclipse-workspace\Rides24\src\main\resources\rides.temp' is opened by 25728@DESKTOP-Q4B681S

[2024-03-02 20:31:12 #2 type.registry] 
New type domain.User

[2024-03-02 20:31:12 #3 type.registry] 
New type domain.Driver

[2024-03-02 20:31:12 #4 type] 
Type domain.User is not enhanced.

[2024-03-02 20:31:12 #5 type] 
Type domain.Driver is not enhanced.

[2024-03-02 20:31:12 #6 type.registry] 
New type domain.Ride

[2024-03-02 20:31:12 #7 type] 
Type domain.Ride is not enhanced.

[2024-03-02 20:31:12 #8 type.registry] 
New type java.util.Vector<java.lang.Object>

[2024-03-02 20:31:12 #9 type.registry] 
New type java.util.Vector<domain.Ride>

------------------------------------------------------------------------------------------------------------------------

[2024-03-02 20:35:12 #1 store] 
Database 'C:\Users\aritz\eclipse-workspace\Rides24\src\main\resources\rides.temp' is opened by 39404@DESKTOP-Q4B681S

[2024-03-02 20:35:12 #2 type.registry] 
New type domain.User

[2024-03-02 20:35:12 #3 type.registry] 
New type domain.Driver

[2024-03-02 20:35:12 #4 type] 
Type domain.User is not enhanced.

[2024-03-02 20:35:12 #5 type] 
Type domain.Driver is not enhanced.

[2024-03-02 20:35:12 #6 type.registry] 
New type domain.Ride

[2024-03-02 20:35:12 #7 type] 
Type domain.Ride is not enhanced.

[2024-03-02 20:35:12 #8 type.registry] 
New type java.util.Vector<java.lang.Object>

[2024-03-02 20:35:12 #9 type.registry] 
New type java.util.Vector<domain.Ride>

------------------------------------------------------------------------------------------------------------------------

[2024-03-02 20:36:25 #1 store] 
Database 'C:\Users\aritz\eclipse-workspace\Rides24\src\main\resources\rides.temp' is opened by 26440@DESKTOP-Q4B681S

[2024-03-02 20:36:25 #2 type.registry] 
New type domain.User

[2024-03-02 20:36:25 #3 type.registry] 
New type domain.Driver

[2024-03-02 20:36:25 #4 type] 
Type domain.User is not enhanced.

[2024-03-02 20:36:25 #5 type] 
Type domain.Driver is not enhanced.

[2024-03-02 20:36:25 #6 type.registry] 
New type domain.Ride

[2024-03-02 20:36:25 #7 type] 
Type domain.Ride is not enhanced.

[2024-03-02 20:36:25 #8 type.registry] 
New type java.util.Vector<java.lang.Object>

[2024-03-02 20:36:25 #9 type.registry] 
New type java.util.Vector<domain.Ride>

------------------------------------------------------------------------------------------------------------------------

[2024-03-02 20:40:40 #1 store] 
Database 'C:\Users\aritz\eclipse-workspace\Rides24\src\main\resources\rides.temp' is opened by 39840@DESKTOP-Q4B681S

[2024-03-02 20:40:40 #2 type.registry] 
New type domain.User

[2024-03-02 20:40:40 #3 type.registry] 
New type domain.Driver

[2024-03-02 20:40:40 #4 type] 
Type domain.User is not enhanced.

[2024-03-02 20:40:40 #5 type] 
Type domain.Driver is not enhanced.

[2024-03-02 20:40:40 #6 type.registry] 
New type domain.Ride

[2024-03-02 20:40:40 #7 type] 
Type domain.Ride is not enhanced.

[2024-03-02 20:40:40 #8 type.registry] 
New type java.util.Vector<java.lang.Object>

[2024-03-02 20:40:40 #9 type.registry] 
New type java.util.Vector<domain.Ride>

------------------------------------------------------------------------------------------------------------------------

[2024-03-02 20:44:15 #1 store] 
Database 'C:\Users\aritz\eclipse-workspace\Rides24\src\main\resources\rides.temp' is opened by 33572@DESKTOP-Q4B681S

[2024-03-02 20:44:15 #2 type.registry] 
New type domain.User

[2024-03-02 20:44:15 #3 type.registry] 
New type domain.Driver

[2024-03-02 20:44:15 #4 type] 
Type domain.User is not enhanced.

[2024-03-02 20:44:15 #5 type] 
Type domain.Driver is not enhanced.

[2024-03-02 20:44:16 #6 type.registry] 
New type domain.Ride

[2024-03-02 20:44:16 #7 type] 
Type domain.Ride is not enhanced.

[2024-03-02 20:44:16 #8 type.registry] 
New type java.util.Vector<java.lang.Object>

[2024-03-02 20:44:16 #9 type.registry] 
New type java.util.Vector<domain.Ride>

------------------------------------------------------------------------------------------------------------------------

[2024-03-02 20:46:05 #1 store] 
Database 'C:\Users\aritz\eclipse-workspace\Rides24\src\main\resources\rides.temp' is opened by 38760@DESKTOP-Q4B681S

[2024-03-02 20:46:06 #2 type.registry] 
New type domain.User

[2024-03-02 20:46:06 #3 type.registry] 
New type domain.Driver

[2024-03-02 20:46:06 #4 type] 
Type domain.User is not enhanced.

[2024-03-02 20:46:06 #5 type] 
Type domain.Driver is not enhanced.

[2024-03-02 20:46:06 #6 type.registry] 
New type domain.Ride

[2024-03-02 20:46:06 #7 type] 
Type domain.Ride is not enhanced.

[2024-03-02 20:46:06 #8 type.registry] 
New type java.util.Vector<java.lang.Object>

[2024-03-02 20:46:06 #9 type.registry] 
New type java.util.Vector<domain.Ride>

------------------------------------------------------------------------------------------------------------------------

[2024-03-02 20:47:48 #1 store] 
Database 'C:\Users\aritz\eclipse-workspace\Rides24\src\main\resources\rides.temp' is opened by 32212@DESKTOP-Q4B681S

[2024-03-02 20:47:48 #2 type.registry] 
New type domain.User

[2024-03-02 20:47:48 #3 type.registry] 
New type domain.Driver

[2024-03-02 20:47:48 #4 type] 
Type domain.User is not enhanced.

[2024-03-02 20:47:48 #5 type] 
Type domain.Driver is not enhanced.

[2024-03-02 20:47:48 #6 type.registry] 
New type domain.Ride

[2024-03-02 20:47:48 #7 type] 
Type domain.Ride is not enhanced.

[2024-03-02 20:47:48 #8 type.registry] 
New type java.util.Vector<java.lang.Object>

[2024-03-02 20:47:48 #9 type.registry] 
New type java.util.Vector<domain.Ride>

------------------------------------------------------------------------------------------------------------------------

[2024-03-02 20:48:48 #1 store] 
Database 'C:\Users\aritz\eclipse-workspace\Rides24\src\main\resources\rides.temp' is opened by 30796@DESKTOP-Q4B681S

[2024-03-02 20:48:48 #2 type.registry] 
New type domain.User

[2024-03-02 20:48:48 #3 type.registry] 
New type domain.Driver

[2024-03-02 20:48:48 #4 type] 
Type domain.User is not enhanced.

[2024-03-02 20:48:48 #5 type] 
Type domain.Driver is not enhanced.

[2024-03-02 20:48:48 #6 type.registry] 
New type domain.Ride

[2024-03-02 20:48:48 #7 type] 
Type domain.Ride is not enhanced.

[2024-03-02 20:48:48 #8 type.registry] 
New type java.util.Vector<java.lang.Object>

[2024-03-02 20:48:48 #9 type.registry] 
New type java.util.Vector<domain.Ride>

------------------------------------------------------------------------------------------------------------------------

[2024-03-02 21:03:38 #1 store] 
Database 'C:\Users\aritz\eclipse-workspace\Rides24\src\main\resources\rides.temp' is opened by 26328@DESKTOP-Q4B681S

[2024-03-02 21:03:38 #2 type.registry] 
New type domain.User

[2024-03-02 21:03:38 #3 type.registry] 
New type domain.Driver

[2024-03-02 21:03:38 #4 type] 
Type domain.User is not enhanced.

[2024-03-02 21:03:38 #5 type] 
Type domain.Driver is not enhanced.

[2024-03-02 21:03:38 #6 type.registry] 
New type domain.Ride

[2024-03-02 21:03:38 #7 type] 
Type domain.Ride is not enhanced.

[2024-03-02 21:03:38 #8 type.registry] 
New type java.util.Vector<java.lang.Object>

[2024-03-02 21:03:38 #9 type.registry] 
New type java.util.Vector<domain.Ride>

------------------------------------------------------------------------------------------------------------------------

[2024-03-02 21:06:11 #1 store] 
Database 'C:\Users\aritz\eclipse-workspace\Rides24\src\main\resources\rides.temp' is opened by 24972@DESKTOP-Q4B681S

[2024-03-02 21:06:11 #2 type.registry] 
New type domain.User

[2024-03-02 21:06:11 #3 type.registry] 
New type domain.Driver

[2024-03-02 21:06:11 #4 type] 
Type domain.User is not enhanced.

[2024-03-02 21:06:11 #5 type] 
Type domain.Driver is not enhanced.

[2024-03-02 21:06:11 #6 type.registry] 
New type domain.Ride

[2024-03-02 21:06:11 #7 type] 
Type domain.Ride is not enhanced.

[2024-03-02 21:06:11 #8 type.registry] 
New type java.util.Vector<java.lang.Object>

[2024-03-02 21:06:11 #9 type.registry] 
New type java.util.Vector<domain.Ride>

------------------------------------------------------------------------------------------------------------------------

[2024-03-02 21:07:17 #1 store] 
Database 'C:\Users\aritz\eclipse-workspace\Rides24\src\main\resources\rides.temp' is opened by 26028@DESKTOP-Q4B681S

[2024-03-02 21:07:17 #2 type.registry] 
New type domain.User

[2024-03-02 21:07:17 #3 type.registry] 
New type domain.Driver

[2024-03-02 21:07:17 #4 type] 
Type domain.User is not enhanced.

[2024-03-02 21:07:17 #5 type] 
Type domain.Driver is not enhanced.

[2024-03-02 21:07:17 #6 type.registry] 
New type domain.Ride

[2024-03-02 21:07:17 #7 type] 
Type domain.Ride is not enhanced.

[2024-03-02 21:07:17 #8 type.registry] 
New type domain.Rider

[2024-03-02 21:07:17 #9 type] 
Type domain.Rider is not enhanced.

[2024-03-02 21:07:17 #10 type.registry] 
New type java.util.Vector<java.lang.Object>

[2024-03-02 21:07:17 #11 type.registry] 
New type java.util.Vector<domain.Ride>

------------------------------------------------------------------------------------------------------------------------

[2024-03-02 21:07:33 #1 store] 
Database 'C:\Users\aritz\eclipse-workspace\Rides24\src\main\resources\rides.temp' is opened by 25984@DESKTOP-Q4B681S

[2024-03-02 21:07:33 #2 type.registry] 
New type domain.User

[2024-03-02 21:07:33 #3 type.registry] 
New type domain.Driver

[2024-03-02 21:07:33 #4 type] 
Type domain.User is not enhanced.

[2024-03-02 21:07:33 #5 type] 
Type domain.Driver is not enhanced.

[2024-03-02 21:07:33 #6 type.registry] 
New type domain.Ride

[2024-03-02 21:07:33 #7 type] 
Type domain.Ride is not enhanced.

[2024-03-02 21:07:33 #8 type.registry] 
New type domain.Rider

[2024-03-02 21:07:33 #9 type] 
Type domain.Rider is not enhanced.

[2024-03-02 21:07:33 #10 type.registry] 
New type java.util.Vector<java.lang.Object>

[2024-03-02 21:07:33 #11 type.registry] 
New type java.util.Vector<domain.Ride>

------------------------------------------------------------------------------------------------------------------------

[2024-03-02 21:08:57 #1 store] 
Database 'C:\Users\aritz\eclipse-workspace\Rides24\src\main\resources\rides.temp' is opened by 38788@DESKTOP-Q4B681S

[2024-03-02 21:08:57 #2 type.registry] 
New type domain.User

[2024-03-02 21:08:57 #3 type.registry] 
New type domain.Driver

[2024-03-02 21:08:57 #4 type] 
Type domain.User is not enhanced.

[2024-03-02 21:08:57 #5 type] 
Type domain.Driver is not enhanced.

[2024-03-02 21:08:57 #6 type.registry] 
New type domain.Ride

[2024-03-02 21:08:57 #7 type] 
Type domain.Ride is not enhanced.

[2024-03-02 21:08:57 #8 type.registry] 
New type domain.Rider

[2024-03-02 21:08:57 #9 type] 
Type domain.Rider is not enhanced.

[2024-03-02 21:08:57 #10 type.registry] 
New type java.util.Vector<java.lang.Object>

[2024-03-02 21:08:57 #11 type.registry] 
New type java.util.Vector<domain.Ride>

------------------------------------------------------------------------------------------------------------------------

[2024-03-02 21:10:41 #1 store] 
Database 'C:\Users\aritz\eclipse-workspace\Rides24\src\main\resources\rides.temp' is opened by 26000@DESKTOP-Q4B681S

[2024-03-02 21:10:41 #2 type.registry] 
New type domain.User

[2024-03-02 21:10:41 #3 type.registry] 
New type domain.Driver

[2024-03-02 21:10:41 #4 type] 
Type domain.User is not enhanced.

[2024-03-02 21:10:41 #5 type] 
Type domain.Driver is not enhanced.

[2024-03-02 21:10:41 #6 type.registry] 
New type domain.Ride

[2024-03-02 21:10:41 #7 type] 
Type domain.Ride is not enhanced.

[2024-03-02 21:10:41 #8 type.registry] 
New type domain.Rider

[2024-03-02 21:10:41 #9 type] 
Type domain.Rider is not enhanced.

[2024-03-02 21:10:41 #10 type.registry] 
New type java.util.Vector<java.lang.Object>

[2024-03-02 21:10:41 #11 type.registry] 
New type java.util.Vector<domain.Ride>

------------------------------------------------------------------------------------------------------------------------

[2024-03-02 21:54:23 #1 store] 
Database 'C:\Users\aritz\eclipse-workspace\Rides24\src\main\resources\rides.temp' is opened by 32732@DESKTOP-Q4B681S

[2024-03-02 21:54:23 #2 type.registry] 
New type domain.User

[2024-03-02 21:54:23 #3 type.registry] 
New type domain.Driver

[2024-03-02 21:54:23 #4 type] 
Type domain.User is not enhanced.

[2024-03-02 21:54:23 #5 type] 
Type domain.Driver is not enhanced.

[2024-03-02 21:54:23 #6 type.registry] 
New type domain.Ride

[2024-03-02 21:54:23 #7 type] 
Type domain.Ride is not enhanced.

[2024-03-02 21:54:23 #8 type.registry] 
New type domain.Rider

[2024-03-02 21:54:23 #9 type] 
Type domain.Rider is not enhanced.

[2024-03-02 21:54:23 #10 type.registry] 
New type java.util.Vector<java.lang.Object>

[2024-03-02 21:54:23 #11 type.registry] 
New type java.util.Vector<domain.Ride>

------------------------------------------------------------------------------------------------------------------------

[2024-03-02 21:55:54 #1 store] 
Database 'C:\Users\aritz\eclipse-workspace\Rides24\src\main\resources\rides.temp' is opened by 27784@DESKTOP-Q4B681S

[2024-03-02 21:55:54 #2 type.registry] 
New type domain.User

[2024-03-02 21:55:54 #3 type.registry] 
New type domain.Driver

[2024-03-02 21:55:54 #4 type] 
Type domain.User is not enhanced.

[2024-03-02 21:55:54 #5 type] 
Type domain.Driver is not enhanced.

[2024-03-02 21:55:54 #6 type.registry] 
New type domain.Ride

[2024-03-02 21:55:54 #7 type] 
Type domain.Ride is not enhanced.

[2024-03-02 21:55:54 #8 type.registry] 
New type domain.Rider

[2024-03-02 21:55:54 #9 type] 
Type domain.Rider is not enhanced.

[2024-03-02 21:55:54 #10 type.registry] 
New type java.util.Vector<java.lang.Object>

[2024-03-02 21:55:54 #11 type.registry] 
New type java.util.Vector<domain.Ride>

------------------------------------------------------------------------------------------------------------------------

[2024-03-02 21:56:30 #1 store] 
Database 'C:\Users\aritz\eclipse-workspace\Rides24\src\main\resources\rides.temp' is opened by 36796@DESKTOP-Q4B681S

[2024-03-02 21:56:30 #2 type.registry] 
New type domain.User

[2024-03-02 21:56:30 #3 type.registry] 
New type domain.Driver

[2024-03-02 21:56:30 #4 type] 
Type domain.User is not enhanced.

[2024-03-02 21:56:30 #5 type] 
Type domain.Driver is not enhanced.

[2024-03-02 21:56:30 #6 type.registry] 
New type domain.Ride

[2024-03-02 21:56:30 #7 type] 
Type domain.Ride is not enhanced.

[2024-03-02 21:56:30 #8 type.registry] 
New type domain.Rider

[2024-03-02 21:56:30 #9 type] 
Type domain.Rider is not enhanced.

[2024-03-02 21:56:30 #10 type.registry] 
New type java.util.Vector<java.lang.Object>

[2024-03-02 21:56:30 #11 type.registry] 
New type java.util.Vector<domain.Ride>

------------------------------------------------------------------------------------------------------------------------

[2024-03-02 22:00:54 #1 store] 
Database 'C:\Users\aritz\eclipse-workspace\Rides24\src\main\resources\rides.temp' is opened by 19248@DESKTOP-Q4B681S

[2024-03-02 22:00:54 #2 type.registry] 
New type domain.User

[2024-03-02 22:00:54 #3 type.registry] 
New type domain.Driver

[2024-03-02 22:00:54 #4 type] 
Type domain.User is not enhanced.

[2024-03-02 22:00:54 #5 type] 
Type domain.Driver is not enhanced.

[2024-03-02 22:00:54 #6 type.registry] 
New type domain.Ride

[2024-03-02 22:00:54 #7 type] 
Type domain.Ride is not enhanced.

[2024-03-02 22:00:54 #8 type.registry] 
New type domain.Rider

[2024-03-02 22:00:54 #9 type] 
Type domain.Rider is not enhanced.

[2024-03-02 22:00:54 #10 type.registry] 
New type java.util.Vector<java.lang.Object>

[2024-03-02 22:00:54 #11 type.registry] 
New type java.util.Vector<domain.Ride>

------------------------------------------------------------------------------------------------------------------------

[2024-03-02 22:02:32 #1 store] 
Database 'C:\Users\aritz\eclipse-workspace\Rides24\src\main\resources\rides.temp' is opened by 40692@DESKTOP-Q4B681S

[2024-03-02 22:02:32 #2 type.registry] 
New type domain.User

[2024-03-02 22:02:32 #3 type.registry] 
New type domain.Driver

[2024-03-02 22:02:32 #4 type] 
Type domain.User is not enhanced.

[2024-03-02 22:02:32 #5 type] 
Type domain.Driver is not enhanced.

[2024-03-02 22:02:32 #6 type.registry] 
New type domain.Ride

[2024-03-02 22:02:32 #7 type] 
Type domain.Ride is not enhanced.

[2024-03-02 22:02:32 #8 type.registry] 
New type domain.Rider

[2024-03-02 22:02:32 #9 type] 
Type domain.Rider is not enhanced.

[2024-03-02 22:02:32 #10 type.registry] 
New type java.util.Vector<java.lang.Object>

[2024-03-02 22:02:32 #11 type.registry] 
New type java.util.Vector<domain.Ride>

------------------------------------------------------------------------------------------------------------------------

[2024-03-02 22:03:28 #1 store] 
Database 'C:\Users\aritz\eclipse-workspace\Rides24\src\main\resources\rides.temp' is opened by 27372@DESKTOP-Q4B681S

[2024-03-02 22:03:28 #2 type.registry] 
New type domain.User

[2024-03-02 22:03:28 #3 type.registry] 
New type domain.Driver

[2024-03-02 22:03:28 #4 type] 
Type domain.User is not enhanced.

[2024-03-02 22:03:28 #5 type] 
Type domain.Driver is not enhanced.

[2024-03-02 22:03:28 #6 type.registry] 
New type domain.Ride

[2024-03-02 22:03:28 #7 type] 
Type domain.Ride is not enhanced.

[2024-03-02 22:03:28 #8 type.registry] 
New type domain.Rider

[2024-03-02 22:03:28 #9 type] 
Type domain.Rider is not enhanced.

[2024-03-02 22:03:28 #10 type.registry] 
New type java.util.Vector<java.lang.Object>

[2024-03-02 22:03:28 #11 type.registry] 
New type java.util.Vector<domain.Ride>

------------------------------------------------------------------------------------------------------------------------

[2024-03-02 22:04:39 #1 store] 
Database 'C:\Users\aritz\eclipse-workspace\Rides24\src\main\resources\rides.temp' is opened by 40864@DESKTOP-Q4B681S

[2024-03-02 22:04:39 #2 type.registry] 
New type domain.User

[2024-03-02 22:04:39 #3 type.registry] 
New type domain.Driver

[2024-03-02 22:04:39 #4 type] 
Type domain.User is not enhanced.

[2024-03-02 22:04:39 #5 type] 
Type domain.Driver is not enhanced.

[2024-03-02 22:04:39 #6 type.registry] 
New type domain.Ride

[2024-03-02 22:04:39 #7 type] 
Type domain.Ride is not enhanced.

[2024-03-02 22:04:39 #8 type.registry] 
New type domain.Rider

[2024-03-02 22:04:39 #9 type] 
Type domain.Rider is not enhanced.

[2024-03-02 22:04:39 #10 type.registry] 
New type java.util.Vector<java.lang.Object>

[2024-03-02 22:04:39 #11 type.registry] 
New type java.util.Vector<domain.Ride>

------------------------------------------------------------------------------------------------------------------------

[2024-03-02 22:29:25 #1 store] 
Database 'C:\Users\aritz\eclipse-workspace\Rides24\src\main\resources\rides.temp' is opened by 38928@DESKTOP-Q4B681S

[2024-03-02 22:29:25 #2 type.registry] 
New type domain.User

[2024-03-02 22:29:25 #3 type.registry] 
New type domain.Driver

[2024-03-02 22:29:25 #4 type] 
Type domain.User is not enhanced.

[2024-03-02 22:29:25 #5 type] 
Type domain.Driver is not enhanced.

[2024-03-02 22:29:25 #6 type.registry] 
New type domain.Ride

[2024-03-02 22:29:25 #7 type] 
Type domain.Ride is not enhanced.

[2024-03-02 22:29:25 #8 type.registry] 
New type domain.Rider

[2024-03-02 22:29:25 #9 type] 
Type domain.Rider is not enhanced.

[2024-03-02 22:29:25 #10 type.registry] 
New type java.util.Vector<java.lang.Object>

[2024-03-02 22:29:25 #11 type.registry] 
New type java.util.Vector<domain.Ride>

------------------------------------------------------------------------------------------------------------------------

[2024-03-02 22:34:53 #1 store] 
Database 'C:\Users\aritz\eclipse-workspace\Rides24\src\main\resources\rides.temp' is opened by 35924@DESKTOP-Q4B681S

[2024-03-02 22:34:53 #2 type.registry] 
New type domain.User

[2024-03-02 22:34:53 #3 type.registry] 
New type domain.Driver

[2024-03-02 22:34:53 #4 type] 
Type domain.User is not enhanced.

[2024-03-02 22:34:53 #5 type] 
Type domain.Driver is not enhanced.

[2024-03-02 22:34:53 #6 type.registry] 
New type domain.Ride

[2024-03-02 22:34:53 #7 type] 
Type domain.Ride is not enhanced.

[2024-03-02 22:34:53 #8 type.registry] 
New type domain.Rider

[2024-03-02 22:34:53 #9 type] 
Type domain.Rider is not enhanced.

[2024-03-02 22:34:53 #10 type.registry] 
New type java.util.Vector<java.lang.Object>

[2024-03-02 22:34:53 #11 type.registry] 
New type java.util.Vector<domain.Ride>

------------------------------------------------------------------------------------------------------------------------

[2024-03-02 22:36:26 #1 store] 
Database 'C:\Users\aritz\eclipse-workspace\Rides24\src\main\resources\rides.temp' is opened by 21500@DESKTOP-Q4B681S

[2024-03-02 22:36:26 #2 type.registry] 
New type domain.User

[2024-03-02 22:36:26 #3 type.registry] 
New type domain.Driver

[2024-03-02 22:36:26 #4 type] 
Type domain.User is not enhanced.

[2024-03-02 22:36:26 #5 type] 
Type domain.Driver is not enhanced.

[2024-03-02 22:36:26 #6 type.registry] 
New type domain.Ride

[2024-03-02 22:36:26 #7 type] 
Type domain.Ride is not enhanced.

[2024-03-02 22:36:26 #8 type.registry] 
New type domain.Rider

[2024-03-02 22:36:26 #9 type] 
Type domain.Rider is not enhanced.

[2024-03-02 22:36:26 #10 type.registry] 
New type java.util.Vector<java.lang.Object>

[2024-03-02 22:36:26 #11 type.registry] 
New type java.util.Vector<domain.Ride>

------------------------------------------------------------------------------------------------------------------------

[2024-03-02 22:41:31 #1 store] 
Database 'C:\Users\aritz\eclipse-workspace\Rides24\src\main\resources\rides.temp' is opened by 35644@DESKTOP-Q4B681S

[2024-03-02 22:41:32 #2 type.registry] 
New type domain.User

[2024-03-02 22:41:32 #3 type.registry] 
New type domain.Driver

[2024-03-02 22:41:32 #4 type] 
Type domain.User is not enhanced.

[2024-03-02 22:41:32 #5 type] 
Type domain.Driver is not enhanced.

[2024-03-02 22:41:32 #6 type.registry] 
New type domain.Ride

[2024-03-02 22:41:32 #7 type] 
Type domain.Ride is not enhanced.

[2024-03-02 22:41:32 #8 type.registry] 
New type domain.Rider

[2024-03-02 22:41:32 #9 type] 
Type domain.Rider is not enhanced.

[2024-03-02 22:41:32 #10 type.registry] 
New type java.util.Vector<java.lang.Object>

[2024-03-02 22:41:32 #11 type.registry] 
New type java.util.Vector<domain.Ride>

------------------------------------------------------------------------------------------------------------------------

[2024-03-02 23:10:17 #1 store] 
Database 'C:\Users\aritz\eclipse-workspace\Rides24\src\main\resources\rides.temp' is opened by 32936@DESKTOP-Q4B681S

[2024-03-02 23:10:18 #2 type.registry] 
New type domain.User

[2024-03-02 23:10:18 #3 type.registry] 
New type domain.Driver

[2024-03-02 23:10:18 #4 type] 
Type domain.User is not enhanced.

[2024-03-02 23:10:18 #5 type] 
Type domain.Driver is not enhanced.

[2024-03-02 23:10:18 #6 type.registry] 
New type domain.Ride

[2024-03-02 23:10:18 #7 type] 
Type domain.Ride is not enhanced.

[2024-03-02 23:10:18 #8 type.registry] 
New type domain.Rider

[2024-03-02 23:10:18 #9 type] 
Type domain.Rider is not enhanced.

[2024-03-02 23:10:18 #10 type.registry] 
New type java.util.Vector<java.lang.Object>

[2024-03-02 23:10:18 #11 type.registry] 
New type java.util.Vector<domain.Ride>

------------------------------------------------------------------------------------------------------------------------

[2024-03-02 23:12:38 #1 store] 
Database 'C:\Users\aritz\eclipse-workspace\Rides24\src\main\resources\rides.temp' is opened by 40404@DESKTOP-Q4B681S

[2024-03-02 23:12:38 #2 type.registry] 
New type domain.User

[2024-03-02 23:12:38 #3 type.registry] 
New type domain.Driver

[2024-03-02 23:12:38 #4 type] 
Type domain.User is not enhanced.

[2024-03-02 23:12:38 #5 type] 
Type domain.Driver is not enhanced.

[2024-03-02 23:12:38 #6 type.registry] 
New type domain.Ride

[2024-03-02 23:12:38 #7 type] 
Type domain.Ride is not enhanced.

[2024-03-02 23:12:38 #8 type.registry] 
New type domain.Rider

[2024-03-02 23:12:38 #9 type] 
Type domain.Rider is not enhanced.

[2024-03-02 23:12:38 #10 type.registry] 
New type java.util.Vector<java.lang.Object>

[2024-03-02 23:12:38 #11 type.registry] 
New type java.util.Vector<domain.Ride>

------------------------------------------------------------------------------------------------------------------------

[2024-03-02 23:13:36 #1 store] 
Database 'C:\Users\aritz\eclipse-workspace\Rides24\src\main\resources\rides.temp' is opened by 40368@DESKTOP-Q4B681S

[2024-03-02 23:13:36 #2 type.registry] 
New type domain.User

[2024-03-02 23:13:36 #3 type.registry] 
New type domain.Driver

[2024-03-02 23:13:36 #4 type] 
Type domain.User is not enhanced.

[2024-03-02 23:13:36 #5 type] 
Type domain.Driver is not enhanced.

[2024-03-02 23:13:36 #6 type.registry] 
New type domain.Ride

[2024-03-02 23:13:36 #7 type] 
Type domain.Ride is not enhanced.

[2024-03-02 23:13:36 #8 type.registry] 
New type domain.Rider

[2024-03-02 23:13:36 #9 type] 
Type domain.Rider is not enhanced.

[2024-03-02 23:13:36 #10 type.registry] 
New type java.util.Vector<java.lang.Object>

[2024-03-02 23:13:36 #11 type.registry] 
New type java.util.Vector<domain.Ride>

------------------------------------------------------------------------------------------------------------------------

[2024-03-02 23:20:50 #1 store] 
Database 'C:\Users\aritz\eclipse-workspace\Rides24\src\main\resources\rides.temp' is opened by 17584@DESKTOP-Q4B681S

[2024-03-02 23:20:50 #2 type.registry] 
New type domain.User

[2024-03-02 23:20:50 #3 type.registry] 
New type domain.Driver

[2024-03-02 23:20:50 #4 type] 
Type domain.User is not enhanced.

[2024-03-02 23:20:50 #5 type] 
Type domain.Driver is not enhanced.

[2024-03-02 23:20:50 #6 type.registry] 
New type domain.Ride

[2024-03-02 23:20:50 #7 type] 
Type domain.Ride is not enhanced.

[2024-03-02 23:20:50 #8 type.registry] 
New type domain.Rider

[2024-03-02 23:20:50 #9 type] 
Type domain.Rider is not enhanced.

[2024-03-02 23:20:50 #10 type.registry] 
New type java.util.Vector<java.lang.Object>

[2024-03-02 23:20:50 #11 type.registry] 
New type java.util.Vector<domain.Ride>

------------------------------------------------------------------------------------------------------------------------

[2024-03-02 23:21:26 #1 store] 
Database 'C:\Users\aritz\eclipse-workspace\Rides24\src\main\resources\rides.temp' is opened by 38360@DESKTOP-Q4B681S

[2024-03-02 23:21:26 #2 type.registry] 
New type domain.User

[2024-03-02 23:21:26 #3 type.registry] 
New type domain.Driver

[2024-03-02 23:21:26 #4 type] 
Type domain.User is not enhanced.

[2024-03-02 23:21:26 #5 type] 
Type domain.Driver is not enhanced.

[2024-03-02 23:21:26 #6 type.registry] 
New type domain.Ride

[2024-03-02 23:21:26 #7 type] 
Type domain.Ride is not enhanced.

[2024-03-02 23:21:26 #8 type.registry] 
New type domain.Rider

[2024-03-02 23:21:26 #9 type] 
Type domain.Rider is not enhanced.

[2024-03-02 23:21:26 #10 type.registry] 
New type java.util.Vector<java.lang.Object>

[2024-03-02 23:21:26 #11 type.registry] 
New type java.util.Vector<domain.Ride>

------------------------------------------------------------------------------------------------------------------------

[2024-03-02 23:23:41 #1 store] 
Database 'C:\Users\aritz\eclipse-workspace\Rides24\src\main\resources\rides.temp' is opened by 32316@DESKTOP-Q4B681S

[2024-03-02 23:23:41 #2 type.registry] 
New type domain.User

[2024-03-02 23:23:41 #3 type.registry] 
New type domain.Driver

[2024-03-02 23:23:41 #4 type] 
Type domain.User is not enhanced.

[2024-03-02 23:23:41 #5 type] 
Type domain.Driver is not enhanced.

[2024-03-02 23:23:41 #6 type.registry] 
New type domain.Ride

[2024-03-02 23:23:41 #7 type] 
Type domain.Ride is not enhanced.

[2024-03-02 23:23:41 #8 type.registry] 
New type domain.Rider

[2024-03-02 23:23:41 #9 type] 
Type domain.Rider is not enhanced.

[2024-03-02 23:23:41 #10 type.registry] 
New type java.util.Vector<java.lang.Object>

[2024-03-02 23:23:41 #11 type.registry] 
New type java.util.Vector<domain.Ride>

------------------------------------------------------------------------------------------------------------------------

[2024-03-02 23:25:37 #1 store] 
Database 'C:\Users\aritz\eclipse-workspace\Rides24\src\main\resources\rides.temp' is opened by 18396@DESKTOP-Q4B681S

[2024-03-02 23:25:37 #2 type.registry] 
New type domain.User

[2024-03-02 23:25:37 #3 type.registry] 
New type domain.Driver

[2024-03-02 23:25:37 #4 type] 
Type domain.User is not enhanced.

[2024-03-02 23:25:37 #5 type] 
Type domain.Driver is not enhanced.

[2024-03-02 23:25:37 #6 type.registry] 
New type domain.Ride

[2024-03-02 23:25:37 #7 type] 
Type domain.Ride is not enhanced.

[2024-03-02 23:25:37 #8 type.registry] 
New type domain.Rider

[2024-03-02 23:25:37 #9 type] 
Type domain.Rider is not enhanced.

[2024-03-02 23:25:37 #10 type.registry] 
New type java.util.Vector<java.lang.Object>

[2024-03-02 23:25:37 #11 type.registry] 
New type java.util.Vector<domain.Ride>

------------------------------------------------------------------------------------------------------------------------

[2024-03-02 23:26:28 #1 store] 
Database 'C:\Users\aritz\eclipse-workspace\Rides24\src\main\resources\rides.temp' is opened by 33976@DESKTOP-Q4B681S

[2024-03-02 23:26:29 #2 type.registry] 
New type domain.User

[2024-03-02 23:26:29 #3 type.registry] 
New type domain.Driver

[2024-03-02 23:26:29 #4 type] 
Type domain.User is not enhanced.

[2024-03-02 23:26:29 #5 type] 
Type domain.Driver is not enhanced.

[2024-03-02 23:26:29 #6 type.registry] 
New type domain.Ride

[2024-03-02 23:26:29 #7 type] 
Type domain.Ride is not enhanced.

[2024-03-02 23:26:29 #8 type.registry] 
New type domain.Rider

[2024-03-02 23:26:29 #9 type] 
Type domain.Rider is not enhanced.

[2024-03-02 23:26:29 #10 type.registry] 
New type java.util.Vector<java.lang.Object>

[2024-03-02 23:26:29 #11 type.registry] 
New type java.util.Vector<domain.Ride>

------------------------------------------------------------------------------------------------------------------------

[2024-03-02 23:56:51 #1 store] 
Database 'C:\Users\aritz\eclipse-workspace\Rides24\src\main\resources\rides.temp' is opened by 32208@DESKTOP-Q4B681S

[2024-03-02 23:56:51 #2 type.registry] 
New type domain.User

[2024-03-02 23:56:51 #3 type.registry] 
New type domain.Driver

[2024-03-02 23:56:51 #4 type] 
Type domain.User is not enhanced.

[2024-03-02 23:56:51 #5 type] 
Type domain.Driver is not enhanced.

[2024-03-02 23:56:51 #6 type.registry] 
New type domain.Ride

[2024-03-02 23:56:51 #7 type] 
Type domain.Ride is not enhanced.

[2024-03-02 23:56:51 #8 type.registry] 
New type domain.Rider

[2024-03-02 23:56:51 #9 type] 
Type domain.Rider is not enhanced.

[2024-03-02 23:56:51 #10 type.registry] 
New type java.util.Vector<java.lang.Object>

[2024-03-02 23:56:51 #11 type.registry] 
New type java.util.Vector<domain.Ride>

